Configuration on demand is an incubating feature.
Reusing configuration cache.
> Task :processResources UP-TO-DATE

> Task :compileJava FAILED
/Users/alicopur/Documents/GitHub/enterprise-loan-management-system/src/main/java/com/banking/loan/application/services/LoanApplicationService.java:238: error: class LoanApplicationException is public, should be declared in a file named LoanApplicationException.java
public class LoanApplicationException extends RuntimeException {
       ^
/Users/alicopur/Documents/GitHub/enterprise-loan-management-system/src/main/java/com/banking/loan/application/services/LoanApplicationService.java:244: error: class LoanApprovalException is public, should be declared in a file named LoanApprovalException.java
public class LoanApprovalException extends RuntimeException {
       ^
/Users/alicopur/Documents/GitHub/enterprise-loan-management-system/src/main/java/com/banking/loan/application/services/LoanApplicationService.java:250: error: class LoanRejectionException is public, should be declared in a file named LoanRejectionException.java
public class LoanRejectionException extends RuntimeException {
       ^
/Users/alicopur/Documents/GitHub/enterprise-loan-management-system/src/main/java/com/banking/loan/application/services/LoanApplicationService.java:256: error: class CustomerNotFoundException is public, should be declared in a file named CustomerNotFoundException.java
public class CustomerNotFoundException extends RuntimeException {
       ^
/Users/alicopur/Documents/GitHub/enterprise-loan-management-system/src/main/java/com/banking/loan/application/services/LoanApplicationService.java:262: error: class LoanNotFoundException is public, should be declared in a file named LoanNotFoundException.java
public class LoanNotFoundException extends RuntimeException {
       ^
/Users/alicopur/Documents/GitHub/enterprise-loan-management-system/src/main/java/com/banking/loan/application/services/LoanApplicationService.java:268: error: class CustomerNotEligibleException is public, should be declared in a file named CustomerNotEligibleException.java
public class CustomerNotEligibleException extends RuntimeException {
       ^
/Users/alicopur/Documents/GitHub/enterprise-loan-management-system/src/main/java/com/banking/loan/application/services/LoanApplicationService.java:274: error: class ComplianceViolationException is public, should be declared in a file named ComplianceViolationException.java
public class ComplianceViolationException extends RuntimeException {
       ^
/Users/alicopur/Documents/GitHub/enterprise-loan-management-system/src/main/java/com/banking/loan/infrastructure/adapters/in/LoanController.java:293: error: class SubmitLoanApplicationRequest is public, should be declared in a file named SubmitLoanApplicationRequest.java
public record SubmitLoanApplicationRequest(
       ^
/Users/alicopur/Documents/GitHub/enterprise-loan-management-system/src/main/java/com/banking/loan/infrastructure/adapters/in/LoanController.java:303: error: class ApproveLoanRequest is public, should be declared in a file named ApproveLoanRequest.java
public record ApproveLoanRequest(
       ^
/Users/alicopur/Documents/GitHub/enterprise-loan-management-system/src/main/java/com/banking/loan/infrastructure/adapters/in/LoanController.java:310: error: class RejectLoanRequest is public, should be declared in a file named RejectLoanRequest.java
public record RejectLoanRequest(
       ^
/Users/alicopur/Documents/GitHub/enterprise-loan-management-system/src/main/java/com/banking/loan/infrastructure/adapters/in/LoanController.java:315: error: class ProcessPaymentRequest is public, should be declared in a file named ProcessPaymentRequest.java
public record ProcessPaymentRequest(
       ^
/Users/alicopur/Documents/GitHub/enterprise-loan-management-system/src/main/java/com/banking/loan/domain/loan/LoanAggregate.java:288: error: class LoanDomainException is public, should be declared in a file named LoanDomainException.java
public class LoanDomainException extends RuntimeException {
       ^
/Users/alicopur/Documents/GitHub/enterprise-loan-management-system/src/main/java/com/banking/loan/domain/shared/DomainEventPublisher.java:67: error: class EventPublishingException is public, should be declared in a file named EventPublishingException.java
public class EventPublishingException extends RuntimeException {
       ^
/Users/alicopur/Documents/GitHub/enterprise-loan-management-system/src/main/java/com/banking/loan/domain/shared/DomainEvent.java:132: error: class EventMetadata is public, should be declared in a file named EventMetadata.java
public record EventMetadata(
       ^
/Users/alicopur/Documents/GitHub/enterprise-loan-management-system/src/main/java/com/banking/loan/domain/shared/DomainEvents.java:22: error: class LoanApplicationSubmittedEvent is public, should be declared in a file named LoanApplicationSubmittedEvent.java
public class LoanApplicationSubmittedEvent implements DomainEvent {
       ^
/Users/alicopur/Documents/GitHub/enterprise-loan-management-system/src/main/java/com/banking/loan/domain/shared/DomainEvents.java:43: error: class LoanApprovedEvent is public, should be declared in a file named LoanApprovedEvent.java
public class LoanApprovedEvent implements DomainEvent {
       ^
/Users/alicopur/Documents/GitHub/enterprise-loan-management-system/src/main/java/com/banking/loan/domain/shared/DomainEvents.java:64: error: class LoanRejectedEvent is public, should be declared in a file named LoanRejectedEvent.java
public class LoanRejectedEvent implements DomainEvent {
       ^
/Users/alicopur/Documents/GitHub/enterprise-loan-management-system/src/main/java/com/banking/loan/domain/shared/DomainEvents.java:83: error: class LoanFullyPaidEvent is public, should be declared in a file named LoanFullyPaidEvent.java
public class LoanFullyPaidEvent implements DomainEvent {
       ^
/Users/alicopur/Documents/GitHub/enterprise-loan-management-system/src/main/java/com/banking/loan/domain/shared/DomainEvents.java:102: error: class AIRiskAssessmentCompletedEvent is public, should be declared in a file named AIRiskAssessmentCompletedEvent.java
public class AIRiskAssessmentCompletedEvent implements DomainEvent {
       ^
/Users/alicopur/Documents/GitHub/enterprise-loan-management-system/src/main/java/com/banking/loan/domain/shared/DomainEvents.java:125: error: class PaymentProcessedEvent is public, should be declared in a file named PaymentProcessedEvent.java
public class PaymentProcessedEvent implements DomainEvent {
       ^
/Users/alicopur/Documents/GitHub/enterprise-loan-management-system/src/main/java/com/banking/loan/domain/shared/DomainEvents.java:148: error: class PaymentFailedEvent is public, should be declared in a file named PaymentFailedEvent.java
public class PaymentFailedEvent implements DomainEvent {
       ^
/Users/alicopur/Documents/GitHub/enterprise-loan-management-system/src/main/java/com/banking/loan/domain/shared/DomainEvents.java:170: error: class PaymentScheduleUpdatedEvent is public, should be declared in a file named PaymentScheduleUpdatedEvent.java
public class PaymentScheduleUpdatedEvent implements DomainEvent {
       ^
/Users/alicopur/Documents/GitHub/enterprise-loan-management-system/src/main/java/com/banking/loan/domain/shared/DomainEvents.java:193: error: class CustomerCreatedEvent is public, should be declared in a file named CustomerCreatedEvent.java
public class CustomerCreatedEvent implements DomainEvent {
       ^
/Users/alicopur/Documents/GitHub/enterprise-loan-management-system/src/main/java/com/banking/loan/domain/shared/DomainEvents.java:215: error: class CustomerUpdatedEvent is public, should be declared in a file named CustomerUpdatedEvent.java
public class CustomerUpdatedEvent implements DomainEvent {
       ^
/Users/alicopur/Documents/GitHub/enterprise-loan-management-system/src/main/java/com/banking/loan/domain/shared/DomainEvents.java:235: error: class CustomerBlockedEvent is public, should be declared in a file named CustomerBlockedEvent.java
public class CustomerBlockedEvent implements DomainEvent {
       ^
/Users/alicopur/Documents/GitHub/enterprise-loan-management-system/src/main/java/com/banking/loan/domain/shared/DomainEvents.java:257: error: class FraudDetectedEvent is public, should be declared in a file named FraudDetectedEvent.java
public class FraudDetectedEvent implements DomainEvent {
       ^
/Users/alicopur/Documents/GitHub/enterprise-loan-management-system/src/main/java/com/banking/loan/domain/shared/DomainEvents.java:280: error: class FraudInvestigationCompletedEvent is public, should be declared in a file named FraudInvestigationCompletedEvent.java
public class FraudInvestigationCompletedEvent implements DomainEvent {
       ^
/Users/alicopur/Documents/GitHub/enterprise-loan-management-system/src/main/java/com/banking/loan/domain/shared/DomainEvents.java:303: error: class AIRecommendationGeneratedEvent is public, should be declared in a file named AIRecommendationGeneratedEvent.java
public class AIRecommendationGeneratedEvent implements DomainEvent {
       ^
/Users/alicopur/Documents/GitHub/enterprise-loan-management-system/src/main/java/com/banking/loan/domain/shared/DomainEvents.java:325: error: class AIModelUpdatedEvent is public, should be declared in a file named AIModelUpdatedEvent.java
public class AIModelUpdatedEvent implements DomainEvent {
       ^
/Users/alicopur/Documents/GitHub/enterprise-loan-management-system/src/main/java/com/banking/loan/domain/shared/DomainEvents.java:348: error: class ComplianceCheckCompletedEvent is public, should be declared in a file named ComplianceCheckCompletedEvent.java
public class ComplianceCheckCompletedEvent implements DomainEvent {
       ^
/Users/alicopur/Documents/GitHub/enterprise-loan-management-system/src/main/java/com/banking/loan/domain/shared/DomainEvents.java:370: error: class RegulatoryReportGeneratedEvent is public, should be declared in a file named RegulatoryReportGeneratedEvent.java
public class RegulatoryReportGeneratedEvent implements DomainEvent {
       ^
/Users/alicopur/Documents/GitHub/enterprise-loan-management-system/src/main/java/com/banking/loan/domain/shared/DomainEvents.java:393: error: class SagaStartedEvent is public, should be declared in a file named SagaStartedEvent.java
public class SagaStartedEvent implements DomainEvent {
       ^
/Users/alicopur/Documents/GitHub/enterprise-loan-management-system/src/main/java/com/banking/loan/domain/shared/DomainEvents.java:413: error: class SagaCompletedEvent is public, should be declared in a file named SagaCompletedEvent.java
public class SagaCompletedEvent implements DomainEvent {
       ^
/Users/alicopur/Documents/GitHub/enterprise-loan-management-system/src/main/java/com/banking/loan/domain/shared/DomainEvents.java:433: error: class SagaFailedEvent is public, should be declared in a file named SagaFailedEvent.java
public class SagaFailedEvent implements DomainEvent {
       ^
/Users/alicopur/Documents/GitHub/enterprise-loan-management-system/src/main/java/com/bank/loanmanagement/security/FAPITokenManagementService.java:48: error: cannot find symbol
    private final RateLimitingService rateLimitingService;
                  ^
  symbol:   class RateLimitingService
  location: class FAPITokenManagementService
/Users/alicopur/Documents/GitHub/enterprise-loan-management-system/src/main/java/com/bank/loanmanagement/security/FAPITokenManagementService.java:171: error: cannot find symbol
    public Mono<FAPITokenResponse> refreshAccessToken(FAPITokenRefreshRequest request) {
                                                      ^
  symbol:   class FAPITokenRefreshRequest
  location: class FAPITokenManagementService
/Users/alicopur/Documents/GitHub/enterprise-loan-management-system/src/main/java/com/bank/loanmanagement/security/FAPITokenManagementService.java:227: error: cannot find symbol
    public Mono<FAPITokenValidationResult> validateAccessToken(FAPITokenValidationRequest request) {
                                                               ^
  symbol:   class FAPITokenValidationRequest
  location: class FAPITokenManagementService
/Users/alicopur/Documents/GitHub/enterprise-loan-management-system/src/main/java/com/bank/loanmanagement/security/FAPITokenManagementService.java:227: error: cannot find symbol
    public Mono<FAPITokenValidationResult> validateAccessToken(FAPITokenValidationRequest request) {
                ^
  symbol:   class FAPITokenValidationResult
  location: class FAPITokenManagementService
/Users/alicopur/Documents/GitHub/enterprise-loan-management-system/src/main/java/com/bank/loanmanagement/security/FAPITokenManagementService.java:271: error: cannot find symbol
    public Mono<Void> revokeToken(FAPITokenRevocationRequest request) {
                                  ^
  symbol:   class FAPITokenRevocationRequest
  location: class FAPITokenManagementService
/Users/alicopur/Documents/GitHub/enterprise-loan-management-system/src/main/java/com/bank/loanmanagement/security/FAPITokenManagementService.java:302: error: cannot find symbol
    public Mono<TemporaryTokenResponse> createTemporaryToken(TemporaryTokenRequest request) {
                                                             ^
  symbol:   class TemporaryTokenRequest
  location: class FAPITokenManagementService
/Users/alicopur/Documents/GitHub/enterprise-loan-management-system/src/main/java/com/bank/loanmanagement/security/FAPITokenManagementService.java:302: error: cannot find symbol
    public Mono<TemporaryTokenResponse> createTemporaryToken(TemporaryTokenRequest request) {
                ^
  symbol:   class TemporaryTokenResponse
  location: class FAPITokenManagementService
/Users/alicopur/Documents/GitHub/enterprise-loan-management-system/src/main/java/com/bank/loanmanagement/security/FAPITokenManagementService.java:380: error: cannot find symbol
    public Mono<TokenAnalytics> getTokenAnalytics(String clientId, Duration period) {
                ^
  symbol:   class TokenAnalytics
  location: class FAPITokenManagementService
/Users/alicopur/Documents/GitHub/enterprise-loan-management-system/src/main/java/com/bank/loanmanagement/security/FAPITokenManagementService.java:460: error: cannot find symbol
                                     TokenBinding tokenBinding) {
                                     ^
  symbol:   class TokenBinding
  location: class FAPITokenManagementService
/Users/alicopur/Documents/GitHub/enterprise-loan-management-system/src/main/java/com/bank/loanmanagement/security/FAPITokenManagementService.java:488: error: cannot find symbol
                                         String newRefreshToken, TokenBinding newTokenBinding) {
                                                                 ^
  symbol:   class TokenBinding
  location: class FAPITokenManagementService
/Users/alicopur/Documents/GitHub/enterprise-loan-management-system/src/main/java/com/bank/loanmanagement/security/FAPITokenManagementService.java:506: error: cannot find symbol
    private StoredTokenData getStoredTokenData(String tokenId) { return null; }
            ^
  symbol:   class StoredTokenData
  location: class FAPITokenManagementService
/Users/alicopur/Documents/GitHub/enterprise-loan-management-system/src/main/java/com/bank/loanmanagement/security/FAPITokenManagementService.java:507: error: cannot find symbol
    private void validateDPoPBinding(FAPITokenValidationRequest request, Jwt jwt, StoredTokenData storedTokenData) { }
                                     ^
  symbol:   class FAPITokenValidationRequest
  location: class FAPITokenManagementService
/Users/alicopur/Documents/GitHub/enterprise-loan-management-system/src/main/java/com/bank/loanmanagement/security/FAPITokenManagementService.java:507: error: cannot find symbol
    private void validateDPoPBinding(FAPITokenValidationRequest request, Jwt jwt, StoredTokenData storedTokenData) { }
                                                                                  ^
  symbol:   class StoredTokenData
  location: class FAPITokenManagementService
/Users/alicopur/Documents/GitHub/enterprise-loan-management-system/src/main/java/com/bank/loanmanagement/security/FAPITokenManagementService.java:510: error: cannot find symbol
    private void validateTokenFreshness(Jwt jwt, StoredTokenData storedTokenData) { }
                                                 ^
  symbol:   class StoredTokenData
  location: class FAPITokenManagementService
/Users/alicopur/Documents/GitHub/enterprise-loan-management-system/src/main/java/com/bank/loanmanagement/security/FAPITokenManagementService.java:511: error: cannot find symbol
    private TokenBinding createTokenBinding(FAPITokenRequest request, String tokenId) { return null; }
            ^
  symbol:   class TokenBinding
  location: class FAPITokenManagementService
/Users/alicopur/Documents/GitHub/enterprise-loan-management-system/src/main/java/com/bank/loanmanagement/security/FAPITokenManagementService.java:512: error: cannot find symbol
    private Map<String, Object> createConfirmationClaim(TokenBinding tokenBinding) { return Map.of(); }
                                                        ^
  symbol:   class TokenBinding
  location: class FAPITokenManagementService
/Users/alicopur/Documents/GitHub/enterprise-loan-management-system/src/main/java/com/bank/loanmanagement/domain/model/bian/BIANLoanService.java:3: error: cannot find symbol
import com.bank.loanmanagement.domain.model.berlingroup.BerlinGroupAmount;
                                                       ^
  symbol:   class BerlinGroupAmount
  location: package com.bank.loanmanagement.domain.model.berlingroup
/Users/alicopur/Documents/GitHub/enterprise-loan-management-system/src/main/java/com/bank/loanmanagement/domain/model/bian/BIANLoanService.java:537: error: cannot find symbol
        private List<BIANRegulatoryRequirement> regulatoryRequirements;
                     ^
  symbol:   class BIANRegulatoryRequirement
  location: class BIANComplianceMonitoring
/Users/alicopur/Documents/GitHub/enterprise-loan-management-system/src/main/java/com/bank/loanmanagement/domain/model/bian/BIANLoanService.java:540: error: cannot find symbol
        private List<BIANComplianceCheck> complianceChecks;
                     ^
  symbol:   class BIANComplianceCheck
  location: class BIANComplianceMonitoring
/Users/alicopur/Documents/GitHub/enterprise-loan-management-system/src/main/java/com/bank/loanmanagement/domain/model/bian/BIANLoanService.java:543: error: cannot find symbol
        private BIANAuditTrail auditTrail;
                ^
  symbol:   class BIANAuditTrail
  location: class BIANComplianceMonitoring
/Users/alicopur/Documents/GitHub/enterprise-loan-management-system/src/main/java/com/bank/loanmanagement/domain/model/bian/BIANLoanService.java:546: error: cannot find symbol
        private List<BIANReportingObligation> reportingObligations;
                     ^
  symbol:   class BIANReportingObligation
  location: class BIANComplianceMonitoring
/Users/alicopur/Documents/GitHub/enterprise-loan-management-system/src/main/java/com/bank/loanmanagement/domain/model/bian/BIANLoanService.java:549: error: cannot find symbol
        private BIANBreachManagement breachManagement;
                ^
  symbol:   class BIANBreachManagement
  location: class BIANComplianceMonitoring
/Users/alicopur/Documents/GitHub/enterprise-loan-management-system/src/main/java/com/bank/loanmanagement/domain/model/bian/BIANLoanService.java:507: error: cannot find symbol
        private BIANCreditRiskAssessment creditRiskAssessment;
                ^
  symbol:   class BIANCreditRiskAssessment
  location: class BIANRiskAssessment
/Users/alicopur/Documents/GitHub/enterprise-loan-management-system/src/main/java/com/bank/loanmanagement/domain/model/bian/BIANLoanService.java:510: error: cannot find symbol
        private BIANMarketRiskAssessment marketRiskAssessment;
                ^
  symbol:   class BIANMarketRiskAssessment
  location: class BIANRiskAssessment
/Users/alicopur/Documents/GitHub/enterprise-loan-management-system/src/main/java/com/bank/loanmanagement/domain/model/bian/BIANLoanService.java:513: error: cannot find symbol
        private BIANOperationalRiskAssessment operationalRiskAssessment;
                ^
  symbol:   class BIANOperationalRiskAssessment
  location: class BIANRiskAssessment
/Users/alicopur/Documents/GitHub/enterprise-loan-management-system/src/main/java/com/bank/loanmanagement/domain/model/bian/BIANLoanService.java:516: error: cannot find symbol
        private BIANPortfolioRiskAssessment portfolioRiskAssessment;
                ^
  symbol:   class BIANPortfolioRiskAssessment
  location: class BIANRiskAssessment
/Users/alicopur/Documents/GitHub/enterprise-loan-management-system/src/main/java/com/bank/loanmanagement/domain/model/bian/BIANLoanService.java:519: error: cannot find symbol
        private List<BIANRiskMitigationAction> riskMitigationActions;
                     ^
  symbol:   class BIANRiskMitigationAction
  location: class BIANRiskAssessment
/Users/alicopur/Documents/GitHub/enterprise-loan-management-system/src/main/java/com/bank/loanmanagement/domain/model/bian/BIANLoanService.java:522: error: cannot find symbol
        private BIANRiskReporting riskReporting;
                ^
  symbol:   class BIANRiskReporting
  location: class BIANRiskAssessment
/Users/alicopur/Documents/GitHub/enterprise-loan-management-system/src/main/java/com/bank/loanmanagement/domain/model/bian/BIANLoanService.java:460: error: cannot find symbol
        private BIANPaymentInstructions paymentInstructions;
                ^
  symbol:   class BIANPaymentInstructions
  location: class BIANPaymentProcessing
/Users/alicopur/Documents/GitHub/enterprise-loan-management-system/src/main/java/com/bank/loanmanagement/domain/model/bian/BIANLoanService.java:463: error: cannot find symbol
        private List<BIANPaymentExecution> paymentExecutionLog;
                     ^
  symbol:   class BIANPaymentExecution
  location: class BIANPaymentProcessing
/Users/alicopur/Documents/GitHub/enterprise-loan-management-system/src/main/java/com/bank/loanmanagement/domain/model/bian/BIANLoanService.java:466: error: cannot find symbol
        private BIANPaymentAllocation paymentAllocation;
                ^
  symbol:   class BIANPaymentAllocation
  location: class BIANPaymentProcessing
/Users/alicopur/Documents/GitHub/enterprise-loan-management-system/src/main/java/com/bank/loanmanagement/domain/model/bian/BIANLoanService.java:469: error: cannot find symbol
        private BIANOverdueManagement overdueManagement;
                ^
  symbol:   class BIANOverdueManagement
  location: class BIANPaymentProcessing
/Users/alicopur/Documents/GitHub/enterprise-loan-management-system/src/main/java/com/bank/loanmanagement/domain/model/bian/BIANLoanService.java:391: error: cannot find symbol
        private BIANInterestRateTerms interestRateTerms;
                ^
  symbol:   class BIANInterestRateTerms
  location: class BIANInterestCalculation
/Users/alicopur/Documents/GitHub/enterprise-loan-management-system/src/main/java/com/bank/loanmanagement/domain/model/bian/BIANLoanService.java:394: error: cannot find symbol
        private List<BIANAccrualRecord> accrualRecord;
                     ^
  symbol:   class BIANAccrualRecord
  location: class BIANInterestCalculation
/Users/alicopur/Documents/GitHub/enterprise-loan-management-system/src/main/java/com/bank/loanmanagement/domain/model/bian/BIANLoanService.java:367: error: cannot find symbol
        private List<BIANTransactionLogEntry> transactionLog;
                     ^
  symbol:   class BIANTransactionLogEntry
  location: class BIANLoanMaintenance
/Users/alicopur/Documents/GitHub/enterprise-loan-management-system/src/main/java/com/bank/loanmanagement/domain/model/bian/BIANLoanService.java:370: error: cannot find symbol
        private List<BIANAccountStatement> accountStatements;
                     ^
  symbol:   class BIANAccountStatement
  location: class BIANLoanMaintenance
/Users/alicopur/Documents/GitHub/enterprise-loan-management-system/src/main/java/com/bank/loanmanagement/domain/model/bian/BIANLoanService.java:373: error: cannot find symbol
        private List<BIANCustomerCommunication> customerCommunications;
                     ^
  symbol:   class BIANCustomerCommunication
  location: class BIANLoanMaintenance
/Users/alicopur/Documents/GitHub/enterprise-loan-management-system/src/main/java/com/bank/loanmanagement/domain/model/bian/BIANLoanService.java:652: error: cannot find symbol
        private BerlinGroupAmount paymentAmount;
                ^
  symbol:   class BerlinGroupAmount
  location: class BIANPaymentScheduleEntry
/Users/alicopur/Documents/GitHub/enterprise-loan-management-system/src/main/java/com/bank/loanmanagement/domain/model/bian/BIANLoanService.java:653: error: cannot find symbol
        private BerlinGroupAmount principalAmount;
                ^
  symbol:   class BerlinGroupAmount
  location: class BIANPaymentScheduleEntry
/Users/alicopur/Documents/GitHub/enterprise-loan-management-system/src/main/java/com/bank/loanmanagement/domain/model/bian/BIANLoanService.java:654: error: cannot find symbol
        private BerlinGroupAmount interestAmount;
                ^
  symbol:   class BerlinGroupAmount
  location: class BIANPaymentScheduleEntry
/Users/alicopur/Documents/GitHub/enterprise-loan-management-system/src/main/java/com/bank/loanmanagement/domain/model/bian/BIANLoanService.java:655: error: cannot find symbol
        private BerlinGroupAmount feeAmount;
                ^
  symbol:   class BerlinGroupAmount
  location: class BIANPaymentScheduleEntry
/Users/alicopur/Documents/GitHub/enterprise-loan-management-system/src/main/java/com/bank/loanmanagement/domain/model/bian/BIANLoanService.java:334: error: cannot find symbol
        private BIANDisbursementInstructions disbursementInstructions;
                ^
  symbol:   class BIANDisbursementInstructions
  location: class BIANLoanFulfillment
/Users/alicopur/Documents/GitHub/enterprise-loan-management-system/src/main/java/com/bank/loanmanagement/domain/model/bian/BIANLoanService.java:337: error: cannot find symbol
        private BIANFundingArrangement fundingArrangement;
                ^
  symbol:   class BIANFundingArrangement
  location: class BIANLoanFulfillment
/Users/alicopur/Documents/GitHub/enterprise-loan-management-system/src/main/java/com/bank/loanmanagement/domain/model/bian/BIANLoanService.java:340: error: cannot find symbol
        private List<BIANDisbursementRecord> disbursementRecord;
                     ^
  symbol:   class BIANDisbursementRecord
  location: class BIANLoanFulfillment
/Users/alicopur/Documents/GitHub/enterprise-loan-management-system/src/main/java/com/bank/loanmanagement/domain/model/bian/BIANLoanService.java:307: error: cannot find symbol
        private BIANApplicantDetails applicantDetails;
                ^
  symbol:   class BIANApplicantDetails
  location: class BIANLoanOrigination
/Users/alicopur/Documents/GitHub/enterprise-loan-management-system/src/main/java/com/bank/loanmanagement/domain/model/bian/BIANLoanService.java:310: error: cannot find symbol
        private BIANUnderwritingAssessment underwritingAssessment;
                ^
  symbol:   class BIANUnderwritingAssessment
  location: class BIANLoanOrigination
/Users/alicopur/Documents/GitHub/enterprise-loan-management-system/src/main/java/com/bank/loanmanagement/domain/model/bian/BIANLoanService.java:313: error: cannot find symbol
        private BIANCreditDecision creditDecision;
                ^
  symbol:   class BIANCreditDecision
  location: class BIANLoanOrigination
/Users/alicopur/Documents/GitHub/enterprise-loan-management-system/src/main/java/com/bank/loanmanagement/domain/model/bian/BIANLoanService.java:316: error: cannot find symbol
        private List<BIANDocumentationRequirement> documentationRequirements;
                     ^
  symbol:   class BIANDocumentationRequirement
  location: class BIANLoanOrigination
/Users/alicopur/Documents/GitHub/enterprise-loan-management-system/src/main/java/com/bank/loanmanagement/domain/model/bian/BIANLoanService.java:319: error: cannot find symbol
        private List<BIANApprovalCondition> approvalConditions;
                     ^
  symbol:   class BIANApprovalCondition
  location: class BIANLoanOrigination
/Users/alicopur/Documents/GitHub/enterprise-loan-management-system/src/main/java/com/bank/loanmanagement/domain/model/bian/BIANLoanService.java:111: error: cannot find symbol
        private BerlinGroupAmount loanAmount;
                ^
  symbol:   class BerlinGroupAmount
  location: class BIANLoanAgreement
/Users/alicopur/Documents/GitHub/enterprise-loan-management-system/src/main/java/com/bank/loanmanagement/domain/model/bian/BIANLoanService.java:123: error: cannot find symbol
        private List<BIANCollateralAllocation> collateralAllocation;
                     ^
  symbol:   class BIANCollateralAllocation
  location: class BIANLoanAgreement
/Users/alicopur/Documents/GitHub/enterprise-loan-management-system/src/main/java/com/bank/loanmanagement/domain/model/bian/BIANLoanService.java:243: error: cannot find symbol
        private BerlinGroupAmount paymentAmount;
                ^
  symbol:   class BerlinGroupAmount
  location: class BIANLoanTerms
/Users/alicopur/Documents/GitHub/enterprise-loan-management-system/src/main/java/com/bank/loanmanagement/domain/model/bian/BIANLoanService.java:246: error: cannot find symbol
        private List<BIANPaymentHoliday> paymentHolidays;
                     ^
  symbol:   class BIANPaymentHoliday
  location: class BIANLoanTerms
/Users/alicopur/Documents/GitHub/enterprise-loan-management-system/src/main/java/com/bank/loanmanagement/domain/model/bian/BIANLoanService.java:249: error: cannot find symbol
        private BIANPrepaymentTerms prepaymentTerms;
                ^
  symbol:   class BIANPrepaymentTerms
  location: class BIANLoanTerms
/Users/alicopur/Documents/GitHub/enterprise-loan-management-system/src/main/java/com/bank/loanmanagement/domain/model/bian/BIANLoanService.java:252: error: cannot find symbol
        private BIANDefaultProvisions defaultProvisions;
                ^
  symbol:   class BIANDefaultProvisions
  location: class BIANLoanTerms
/Users/alicopur/Documents/GitHub/enterprise-loan-management-system/src/main/java/com/banking/loan/application/ports/in/LoanApplicationUseCase.java:16: error: cannot find symbol
    LoanApplicationResult submitLoanApplication(SubmitLoanApplicationCommand command);
                                                ^
  symbol:   class SubmitLoanApplicationCommand
  location: interface LoanApplicationUseCase
/Users/alicopur/Documents/GitHub/enterprise-loan-management-system/src/main/java/com/banking/loan/application/ports/in/LoanApplicationUseCase.java:16: error: cannot find symbol
    LoanApplicationResult submitLoanApplication(SubmitLoanApplicationCommand command);
    ^
  symbol:   class LoanApplicationResult
  location: interface LoanApplicationUseCase
/Users/alicopur/Documents/GitHub/enterprise-loan-management-system/src/main/java/com/banking/loan/application/ports/in/LoanApplicationUseCase.java:21: error: cannot find symbol
    LoanApprovalResult approveLoan(ApproveLoanCommand command);
                                   ^
  symbol:   class ApproveLoanCommand
  location: interface LoanApplicationUseCase
/Users/alicopur/Documents/GitHub/enterprise-loan-management-system/src/main/java/com/banking/loan/application/ports/in/LoanApplicationUseCase.java:21: error: cannot find symbol
    LoanApprovalResult approveLoan(ApproveLoanCommand command);
    ^
  symbol:   class LoanApprovalResult
  location: interface LoanApplicationUseCase
/Users/alicopur/Documents/GitHub/enterprise-loan-management-system/src/main/java/com/banking/loan/application/ports/in/LoanApplicationUseCase.java:26: error: cannot find symbol
    LoanRejectionResult rejectLoan(RejectLoanCommand command);
                                   ^
  symbol:   class RejectLoanCommand
  location: interface LoanApplicationUseCase
/Users/alicopur/Documents/GitHub/enterprise-loan-management-system/src/main/java/com/banking/loan/application/ports/in/LoanApplicationUseCase.java:26: error: cannot find symbol
    LoanRejectionResult rejectLoan(RejectLoanCommand command);
    ^
  symbol:   class LoanRejectionResult
  location: interface LoanApplicationUseCase
/Users/alicopur/Documents/GitHub/enterprise-loan-management-system/src/main/java/com/banking/loan/application/ports/in/LoanApplicationUseCase.java:31: error: cannot find symbol
    LoanDetails getLoanDetails(GetLoanDetailsQuery query);
                               ^
  symbol:   class GetLoanDetailsQuery
  location: interface LoanApplicationUseCase
/Users/alicopur/Documents/GitHub/enterprise-loan-management-system/src/main/java/com/banking/loan/application/ports/in/LoanApplicationUseCase.java:31: error: cannot find symbol
    LoanDetails getLoanDetails(GetLoanDetailsQuery query);
    ^
  symbol:   class LoanDetails
  location: interface LoanApplicationUseCase
/Users/alicopur/Documents/GitHub/enterprise-loan-management-system/src/main/java/com/banking/loan/application/ports/in/LoanApplicationUseCase.java:36: error: cannot find symbol
    List<LoanSummary> getCustomerLoans(GetCustomerLoansQuery query);
                                       ^
  symbol:   class GetCustomerLoansQuery
  location: interface LoanApplicationUseCase
/Users/alicopur/Documents/GitHub/enterprise-loan-management-system/src/main/java/com/banking/loan/application/ports/in/LoanApplicationUseCase.java:36: error: cannot find symbol
    List<LoanSummary> getCustomerLoans(GetCustomerLoansQuery query);
         ^
  symbol:   class LoanSummary
  location: interface LoanApplicationUseCase
/Users/alicopur/Documents/GitHub/enterprise-loan-management-system/src/main/java/com/banking/loan/application/ports/in/LoanApplicationUseCase.java:3: error: package com.banking.loan.application.commands does not exist
import com.banking.loan.application.commands.*;
^
Note: Some input files use or override a deprecated API.
Note: Recompile with -Xlint:deprecation for details.
Note: Some input files use unchecked or unsafe operations.
Note: Recompile with -Xlint:unchecked for details.
Note: Some messages have been simplified; recompile with -Xdiags:verbose to get full output
100 errors
[Incubating] Problems report is available at: file:///Users/alicopur/Documents/GitHub/enterprise-loan-management-system/build/reports/problems/problems-report.html

FAILURE: Build failed with an exception.

* What went wrong:
Execution failed for task ':compileJava'.
> Compilation failed; see the compiler output below.
  /Users/alicopur/Documents/GitHub/enterprise-loan-management-system/src/main/java/com/banking/loan/application/services/LoanApplicationService.java:238: error: class LoanApplicationException is public, should be declared in a file named LoanApplicationException.java
  public class LoanApplicationException extends RuntimeException {
         ^
  /Users/alicopur/Documents/GitHub/enterprise-loan-management-system/src/main/java/com/banking/loan/application/services/LoanApplicationService.java:244: error: class LoanApprovalException is public, should be declared in a file named LoanApprovalException.java
  public class LoanApprovalException extends RuntimeException {
         ^
  /Users/alicopur/Documents/GitHub/enterprise-loan-management-system/src/main/java/com/banking/loan/application/services/LoanApplicationService.java:250: error: class LoanRejectionException is public, should be declared in a file named LoanRejectionException.java
  public class LoanRejectionException extends RuntimeException {
         ^
  /Users/alicopur/Documents/GitHub/enterprise-loan-management-system/src/main/java/com/banking/loan/application/services/LoanApplicationService.java:256: error: class CustomerNotFoundException is public, should be declared in a file named CustomerNotFoundException.java
  public class CustomerNotFoundException extends RuntimeException {
         ^
  /Users/alicopur/Documents/GitHub/enterprise-loan-management-system/src/main/java/com/banking/loan/application/services/LoanApplicationService.java:262: error: class LoanNotFoundException is public, should be declared in a file named LoanNotFoundException.java
  public class LoanNotFoundException extends RuntimeException {
         ^
  /Users/alicopur/Documents/GitHub/enterprise-loan-management-system/src/main/java/com/banking/loan/application/services/LoanApplicationService.java:268: error: class CustomerNotEligibleException is public, should be declared in a file named CustomerNotEligibleException.java
  public class CustomerNotEligibleException extends RuntimeException {
         ^
  /Users/alicopur/Documents/GitHub/enterprise-loan-management-system/src/main/java/com/banking/loan/application/services/LoanApplicationService.java:274: error: class ComplianceViolationException is public, should be declared in a file named ComplianceViolationException.java
  public class ComplianceViolationException extends RuntimeException {
         ^
  /Users/alicopur/Documents/GitHub/enterprise-loan-management-system/src/main/java/com/banking/loan/infrastructure/adapters/in/LoanController.java:293: error: class SubmitLoanApplicationRequest is public, should be declared in a file named SubmitLoanApplicationRequest.java
  public record SubmitLoanApplicationRequest(
         ^
  /Users/alicopur/Documents/GitHub/enterprise-loan-management-system/src/main/java/com/banking/loan/infrastructure/adapters/in/LoanController.java:303: error: class ApproveLoanRequest is public, should be declared in a file named ApproveLoanRequest.java
  public record ApproveLoanRequest(
         ^
  /Users/alicopur/Documents/GitHub/enterprise-loan-management-system/src/main/java/com/banking/loan/infrastructure/adapters/in/LoanController.java:310: error: class RejectLoanRequest is public, should be declared in a file named RejectLoanRequest.java
  public record RejectLoanRequest(
         ^
  /Users/alicopur/Documents/GitHub/enterprise-loan-management-system/src/main/java/com/banking/loan/infrastructure/adapters/in/LoanController.java:315: error: class ProcessPaymentRequest is public, should be declared in a file named ProcessPaymentRequest.java
  public record ProcessPaymentRequest(
         ^
  /Users/alicopur/Documents/GitHub/enterprise-loan-management-system/src/main/java/com/banking/loan/domain/loan/LoanAggregate.java:288: error: class LoanDomainException is public, should be declared in a file named LoanDomainException.java
  public class LoanDomainException extends RuntimeException {
         ^
  /Users/alicopur/Documents/GitHub/enterprise-loan-management-system/src/main/java/com/banking/loan/domain/shared/DomainEventPublisher.java:67: error: class EventPublishingException is public, should be declared in a file named EventPublishingException.java
  public class EventPublishingException extends RuntimeException {
         ^
  /Users/alicopur/Documents/GitHub/enterprise-loan-management-system/src/main/java/com/banking/loan/domain/shared/DomainEvent.java:132: error: class EventMetadata is public, should be declared in a file named EventMetadata.java
  public record EventMetadata(
         ^
  /Users/alicopur/Documents/GitHub/enterprise-loan-management-system/src/main/java/com/banking/loan/domain/shared/DomainEvents.java:22: error: class LoanApplicationSubmittedEvent is public, should be declared in a file named LoanApplicationSubmittedEvent.java
  public class LoanApplicationSubmittedEvent implements DomainEvent {
         ^
  /Users/alicopur/Documents/GitHub/enterprise-loan-management-system/src/main/java/com/banking/loan/domain/shared/DomainEvents.java:43: error: class LoanApprovedEvent is public, should be declared in a file named LoanApprovedEvent.java
  public class LoanApprovedEvent implements DomainEvent {
         ^
  /Users/alicopur/Documents/GitHub/enterprise-loan-management-system/src/main/java/com/banking/loan/domain/shared/DomainEvents.java:64: error: class LoanRejectedEvent is public, should be declared in a file named LoanRejectedEvent.java
  public class LoanRejectedEvent implements DomainEvent {
         ^
  /Users/alicopur/Documents/GitHub/enterprise-loan-management-system/src/main/java/com/banking/loan/domain/shared/DomainEvents.java:83: error: class LoanFullyPaidEvent is public, should be declared in a file named LoanFullyPaidEvent.java
  public class LoanFullyPaidEvent implements DomainEvent {
         ^
  /Users/alicopur/Documents/GitHub/enterprise-loan-management-system/src/main/java/com/banking/loan/domain/shared/DomainEvents.java:102: error: class AIRiskAssessmentCompletedEvent is public, should be declared in a file named AIRiskAssessmentCompletedEvent.java
  public class AIRiskAssessmentCompletedEvent implements DomainEvent {
         ^
  /Users/alicopur/Documents/GitHub/enterprise-loan-management-system/src/main/java/com/banking/loan/domain/shared/DomainEvents.java:125: error: class PaymentProcessedEvent is public, should be declared in a file named PaymentProcessedEvent.java
  public class PaymentProcessedEvent implements DomainEvent {
         ^
  /Users/alicopur/Documents/GitHub/enterprise-loan-management-system/src/main/java/com/banking/loan/domain/shared/DomainEvents.java:148: error: class PaymentFailedEvent is public, should be declared in a file named PaymentFailedEvent.java
  public class PaymentFailedEvent implements DomainEvent {
         ^
  /Users/alicopur/Documents/GitHub/enterprise-loan-management-system/src/main/java/com/banking/loan/domain/shared/DomainEvents.java:170: error: class PaymentScheduleUpdatedEvent is public, should be declared in a file named PaymentScheduleUpdatedEvent.java
  public class PaymentScheduleUpdatedEvent implements DomainEvent {
         ^
  /Users/alicopur/Documents/GitHub/enterprise-loan-management-system/src/main/java/com/banking/loan/domain/shared/DomainEvents.java:193: error: class CustomerCreatedEvent is public, should be declared in a file named CustomerCreatedEvent.java
  public class CustomerCreatedEvent implements DomainEvent {
         ^
  /Users/alicopur/Documents/GitHub/enterprise-loan-management-system/src/main/java/com/banking/loan/domain/shared/DomainEvents.java:215: error: class CustomerUpdatedEvent is public, should be declared in a file named CustomerUpdatedEvent.java
  public class CustomerUpdatedEvent implements DomainEvent {
         ^
  /Users/alicopur/Documents/GitHub/enterprise-loan-management-system/src/main/java/com/banking/loan/domain/shared/DomainEvents.java:235: error: class CustomerBlockedEvent is public, should be declared in a file named CustomerBlockedEvent.java
  public class CustomerBlockedEvent implements DomainEvent {
         ^
  /Users/alicopur/Documents/GitHub/enterprise-loan-management-system/src/main/java/com/banking/loan/domain/shared/DomainEvents.java:257: error: class FraudDetectedEvent is public, should be declared in a file named FraudDetectedEvent.java
  public class FraudDetectedEvent implements DomainEvent {
         ^
  /Users/alicopur/Documents/GitHub/enterprise-loan-management-system/src/main/java/com/banking/loan/domain/shared/DomainEvents.java:280: error: class FraudInvestigationCompletedEvent is public, should be declared in a file named FraudInvestigationCompletedEvent.java
  public class FraudInvestigationCompletedEvent implements DomainEvent {
         ^
  /Users/alicopur/Documents/GitHub/enterprise-loan-management-system/src/main/java/com/banking/loan/domain/shared/DomainEvents.java:303: error: class AIRecommendationGeneratedEvent is public, should be declared in a file named AIRecommendationGeneratedEvent.java
  public class AIRecommendationGeneratedEvent implements DomainEvent {
         ^
  /Users/alicopur/Documents/GitHub/enterprise-loan-management-system/src/main/java/com/banking/loan/domain/shared/DomainEvents.java:325: error: class AIModelUpdatedEvent is public, should be declared in a file named AIModelUpdatedEvent.java
  public class AIModelUpdatedEvent implements DomainEvent {
         ^
  /Users/alicopur/Documents/GitHub/enterprise-loan-management-system/src/main/java/com/banking/loan/domain/shared/DomainEvents.java:348: error: class ComplianceCheckCompletedEvent is public, should be declared in a file named ComplianceCheckCompletedEvent.java
  public class ComplianceCheckCompletedEvent implements DomainEvent {
         ^
  /Users/alicopur/Documents/GitHub/enterprise-loan-management-system/src/main/java/com/banking/loan/domain/shared/DomainEvents.java:370: error: class RegulatoryReportGeneratedEvent is public, should be declared in a file named RegulatoryReportGeneratedEvent.java
  public class RegulatoryReportGeneratedEvent implements DomainEvent {
         ^
  /Users/alicopur/Documents/GitHub/enterprise-loan-management-system/src/main/java/com/banking/loan/domain/shared/DomainEvents.java:393: error: class SagaStartedEvent is public, should be declared in a file named SagaStartedEvent.java
  public class SagaStartedEvent implements DomainEvent {
         ^
  /Users/alicopur/Documents/GitHub/enterprise-loan-management-system/src/main/java/com/banking/loan/domain/shared/DomainEvents.java:413: error: class SagaCompletedEvent is public, should be declared in a file named SagaCompletedEvent.java
  public class SagaCompletedEvent implements DomainEvent {
         ^
  /Users/alicopur/Documents/GitHub/enterprise-loan-management-system/src/main/java/com/banking/loan/domain/shared/DomainEvents.java:433: error: class SagaFailedEvent is public, should be declared in a file named SagaFailedEvent.java
  public class SagaFailedEvent implements DomainEvent {
         ^
  Note: Some input files use unchecked or unsafe operations.
  Note: Recompile with -Xlint:unchecked for details.
  /Users/alicopur/Documents/GitHub/enterprise-loan-management-system/src/main/java/com/banking/loan/application/ports/in/LoanApplicationUseCase.java:3: error: package com.banking.loan.application.commands does not exist
  import com.banking.loan.application.commands.*;
  ^
  Note: Recompile with -Xlint:deprecation for details.
  Note: Some input files use or override a deprecated API.
  /Users/alicopur/Documents/GitHub/enterprise-loan-management-system/src/main/java/com/bank/loanmanagement/security/FAPITokenManagementService.java:48: error: cannot find symbol
      private final RateLimitingService rateLimitingService;
                    ^
    symbol:   class RateLimitingService
    location: class FAPITokenManagementService
  /Users/alicopur/Documents/GitHub/enterprise-loan-management-system/src/main/java/com/bank/loanmanagement/security/FAPITokenManagementService.java:171: error: cannot find symbol
      public Mono<FAPITokenResponse> refreshAccessToken(FAPITokenRefreshRequest request) {
                                                        ^
    symbol:   class FAPITokenRefreshRequest
    location: class FAPITokenManagementService
  /Users/alicopur/Documents/GitHub/enterprise-loan-management-system/src/main/java/com/bank/loanmanagement/security/FAPITokenManagementService.java:227: error: cannot find symbol
      public Mono<FAPITokenValidationResult> validateAccessToken(FAPITokenValidationRequest request) {
                                                                 ^
    symbol:   class FAPITokenValidationRequest
    location: class FAPITokenManagementService
  /Users/alicopur/Documents/GitHub/enterprise-loan-management-system/src/main/java/com/bank/loanmanagement/security/FAPITokenManagementService.java:227: error: cannot find symbol
      public Mono<FAPITokenValidationResult> validateAccessToken(FAPITokenValidationRequest request) {
                  ^
    symbol:   class FAPITokenValidationResult
    location: class FAPITokenManagementService
  /Users/alicopur/Documents/GitHub/enterprise-loan-management-system/src/main/java/com/bank/loanmanagement/security/FAPITokenManagementService.java:271: error: cannot find symbol
      public Mono<Void> revokeToken(FAPITokenRevocationRequest request) {
                                    ^
    symbol:   class FAPITokenRevocationRequest
    location: class FAPITokenManagementService
  /Users/alicopur/Documents/GitHub/enterprise-loan-management-system/src/main/java/com/bank/loanmanagement/security/FAPITokenManagementService.java:302: error: cannot find symbol
      public Mono<TemporaryTokenResponse> createTemporaryToken(TemporaryTokenRequest request) {
                                                               ^
    symbol:   class TemporaryTokenRequest
    location: class FAPITokenManagementService
  /Users/alicopur/Documents/GitHub/enterprise-loan-management-system/src/main/java/com/bank/loanmanagement/security/FAPITokenManagementService.java:302: error: cannot find symbol
      public Mono<TemporaryTokenResponse> createTemporaryToken(TemporaryTokenRequest request) {
                  ^
    symbol:   class TemporaryTokenResponse
    location: class FAPITokenManagementService
  /Users/alicopur/Documents/GitHub/enterprise-loan-management-system/src/main/java/com/bank/loanmanagement/security/FAPITokenManagementService.java:380: error: cannot find symbol
      public Mono<TokenAnalytics> getTokenAnalytics(String clientId, Duration period) {
                  ^
    symbol:   class TokenAnalytics
    location: class FAPITokenManagementService
  /Users/alicopur/Documents/GitHub/enterprise-loan-management-system/src/main/java/com/bank/loanmanagement/security/FAPITokenManagementService.java:460: error: cannot find symbol
                                       TokenBinding tokenBinding) {
                                       ^
    symbol:   class TokenBinding
    location: class FAPITokenManagementService
  /Users/alicopur/Documents/GitHub/enterprise-loan-management-system/src/main/java/com/bank/loanmanagement/security/FAPITokenManagementService.java:488: error: cannot find symbol
                                           String newRefreshToken, TokenBinding newTokenBinding) {
                                                                   ^
    symbol:   class TokenBinding
    location: class FAPITokenManagementService
  /Users/alicopur/Documents/GitHub/enterprise-loan-management-system/src/main/java/com/bank/loanmanagement/security/FAPITokenManagementService.java:506: error: cannot find symbol
      private StoredTokenData getStoredTokenData(String tokenId) { return null; }
              ^
    symbol:   class StoredTokenData
    location: class FAPITokenManagementService
  /Users/alicopur/Documents/GitHub/enterprise-loan-management-system/src/main/java/com/bank/loanmanagement/security/FAPITokenManagementService.java:507: error: cannot find symbol
      private void validateDPoPBinding(FAPITokenValidationRequest request, Jwt jwt, StoredTokenData storedTokenData) { }
                                       ^
    symbol:   class FAPITokenValidationRequest
    location: class FAPITokenManagementService
  /Users/alicopur/Documents/GitHub/enterprise-loan-management-system/src/main/java/com/bank/loanmanagement/security/FAPITokenManagementService.java:507: error: cannot find symbol
      private void validateDPoPBinding(FAPITokenValidationRequest request, Jwt jwt, StoredTokenData storedTokenData) { }
                                                                                    ^
    symbol:   class StoredTokenData
    location: class FAPITokenManagementService
  /Users/alicopur/Documents/GitHub/enterprise-loan-management-system/src/main/java/com/bank/loanmanagement/security/FAPITokenManagementService.java:510: error: cannot find symbol
      private void validateTokenFreshness(Jwt jwt, StoredTokenData storedTokenData) { }
                                                   ^
    symbol:   class StoredTokenData
    location: class FAPITokenManagementService
  /Users/alicopur/Documents/GitHub/enterprise-loan-management-system/src/main/java/com/bank/loanmanagement/security/FAPITokenManagementService.java:511: error: cannot find symbol
      private TokenBinding createTokenBinding(FAPITokenRequest request, String tokenId) { return null; }
              ^
    symbol:   class TokenBinding
    location: class FAPITokenManagementService
  /Users/alicopur/Documents/GitHub/enterprise-loan-management-system/src/main/java/com/bank/loanmanagement/security/FAPITokenManagementService.java:512: error: cannot find symbol
      private Map<String, Object> createConfirmationClaim(TokenBinding tokenBinding) { return Map.of(); }
                                                          ^
    symbol:   class TokenBinding
    location: class FAPITokenManagementService
  /Users/alicopur/Documents/GitHub/enterprise-loan-management-system/src/main/java/com/bank/loanmanagement/domain/model/bian/BIANLoanService.java:3: error: cannot find symbol
  import com.bank.loanmanagement.domain.model.berlingroup.BerlinGroupAmount;
                                                         ^
    symbol:   class BerlinGroupAmount
    location: package com.bank.loanmanagement.domain.model.berlingroup
  /Users/alicopur/Documents/GitHub/enterprise-loan-management-system/src/main/java/com/bank/loanmanagement/domain/model/bian/BIANLoanService.java:537: error: cannot find symbol
          private List<BIANRegulatoryRequirement> regulatoryRequirements;
                       ^
    symbol:   class BIANRegulatoryRequirement
    location: class BIANComplianceMonitoring
  /Users/alicopur/Documents/GitHub/enterprise-loan-management-system/src/main/java/com/bank/loanmanagement/domain/model/bian/BIANLoanService.java:540: error: cannot find symbol
          private List<BIANComplianceCheck> complianceChecks;
                       ^
    symbol:   class BIANComplianceCheck
    location: class BIANComplianceMonitoring
  /Users/alicopur/Documents/GitHub/enterprise-loan-management-system/src/main/java/com/bank/loanmanagement/domain/model/bian/BIANLoanService.java:543: error: cannot find symbol
          private BIANAuditTrail auditTrail;
                  ^
    symbol:   class BIANAuditTrail
    location: class BIANComplianceMonitoring
  /Users/alicopur/Documents/GitHub/enterprise-loan-management-system/src/main/java/com/bank/loanmanagement/domain/model/bian/BIANLoanService.java:546: error: cannot find symbol
          private List<BIANReportingObligation> reportingObligations;
                       ^
    symbol:   class BIANReportingObligation
    location: class BIANComplianceMonitoring
  /Users/alicopur/Documents/GitHub/enterprise-loan-management-system/src/main/java/com/bank/loanmanagement/domain/model/bian/BIANLoanService.java:549: error: cannot find symbol
          private BIANBreachManagement breachManagement;
                  ^
    symbol:   class BIANBreachManagement
    location: class BIANComplianceMonitoring
  /Users/alicopur/Documents/GitHub/enterprise-loan-management-system/src/main/java/com/bank/loanmanagement/domain/model/bian/BIANLoanService.java:507: error: cannot find symbol
          private BIANCreditRiskAssessment creditRiskAssessment;
                  ^
    symbol:   class BIANCreditRiskAssessment
    location: class BIANRiskAssessment
  /Users/alicopur/Documents/GitHub/enterprise-loan-management-system/src/main/java/com/bank/loanmanagement/domain/model/bian/BIANLoanService.java:510: error: cannot find symbol
          private BIANMarketRiskAssessment marketRiskAssessment;
                  ^
    symbol:   class BIANMarketRiskAssessment
    location: class BIANRiskAssessment
  /Users/alicopur/Documents/GitHub/enterprise-loan-management-system/src/main/java/com/bank/loanmanagement/domain/model/bian/BIANLoanService.java:513: error: cannot find symbol
          private BIANOperationalRiskAssessment operationalRiskAssessment;
                  ^
    symbol:   class BIANOperationalRiskAssessment
    location: class BIANRiskAssessment
  /Users/alicopur/Documents/GitHub/enterprise-loan-management-system/src/main/java/com/bank/loanmanagement/domain/model/bian/BIANLoanService.java:516: error: cannot find symbol
          private BIANPortfolioRiskAssessment portfolioRiskAssessment;
                  ^
    symbol:   class BIANPortfolioRiskAssessment
    location: class BIANRiskAssessment
  /Users/alicopur/Documents/GitHub/enterprise-loan-management-system/src/main/java/com/bank/loanmanagement/domain/model/bian/BIANLoanService.java:519: error: cannot find symbol
          private List<BIANRiskMitigationAction> riskMitigationActions;
                       ^
    symbol:   class BIANRiskMitigationAction
    location: class BIANRiskAssessment
  /Users/alicopur/Documents/GitHub/enterprise-loan-management-system/src/main/java/com/bank/loanmanagement/domain/model/bian/BIANLoanService.java:522: error: cannot find symbol
          private BIANRiskReporting riskReporting;
                  ^
    symbol:   class BIANRiskReporting
    location: class BIANRiskAssessment
  /Users/alicopur/Documents/GitHub/enterprise-loan-management-system/src/main/java/com/bank/loanmanagement/domain/model/bian/BIANLoanService.java:460: error: cannot find symbol
          private BIANPaymentInstructions paymentInstructions;
                  ^
    symbol:   class BIANPaymentInstructions
    location: class BIANPaymentProcessing
  /Users/alicopur/Documents/GitHub/enterprise-loan-management-system/src/main/java/com/bank/loanmanagement/domain/model/bian/BIANLoanService.java:463: error: cannot find symbol
          private List<BIANPaymentExecution> paymentExecutionLog;
                       ^
    symbol:   class BIANPaymentExecution
    location: class BIANPaymentProcessing
  /Users/alicopur/Documents/GitHub/enterprise-loan-management-system/src/main/java/com/bank/loanmanagement/domain/model/bian/BIANLoanService.java:466: error: cannot find symbol
          private BIANPaymentAllocation paymentAllocation;
                  ^
    symbol:   class BIANPaymentAllocation
    location: class BIANPaymentProcessing
  /Users/alicopur/Documents/GitHub/enterprise-loan-management-system/src/main/java/com/bank/loanmanagement/domain/model/bian/BIANLoanService.java:469: error: cannot find symbol
          private BIANOverdueManagement overdueManagement;
                  ^
    symbol:   class BIANOverdueManagement
    location: class BIANPaymentProcessing
  /Users/alicopur/Documents/GitHub/enterprise-loan-management-system/src/main/java/com/bank/loanmanagement/domain/model/bian/BIANLoanService.java:391: error: cannot find symbol
          private BIANInterestRateTerms interestRateTerms;
                  ^
    symbol:   class BIANInterestRateTerms
    location: class BIANInterestCalculation
  /Users/alicopur/Documents/GitHub/enterprise-loan-management-system/src/main/java/com/bank/loanmanagement/domain/model/bian/BIANLoanService.java:394: error: cannot find symbol
          private List<BIANAccrualRecord> accrualRecord;
                       ^
    symbol:   class BIANAccrualRecord
    location: class BIANInterestCalculation
  /Users/alicopur/Documents/GitHub/enterprise-loan-management-system/src/main/java/com/bank/loanmanagement/domain/model/bian/BIANLoanService.java:367: error: cannot find symbol
          private List<BIANTransactionLogEntry> transactionLog;
                       ^
    symbol:   class BIANTransactionLogEntry
    location: class BIANLoanMaintenance
  /Users/alicopur/Documents/GitHub/enterprise-loan-management-system/src/main/java/com/bank/loanmanagement/domain/model/bian/BIANLoanService.java:370: error: cannot find symbol
          private List<BIANAccountStatement> accountStatements;
                       ^
    symbol:   class BIANAccountStatement
    location: class BIANLoanMaintenance
  /Users/alicopur/Documents/GitHub/enterprise-loan-management-system/src/main/java/com/bank/loanmanagement/domain/model/bian/BIANLoanService.java:373: error: cannot find symbol
          private List<BIANCustomerCommunication> customerCommunications;
                       ^
    symbol:   class BIANCustomerCommunication
    location: class BIANLoanMaintenance
  /Users/alicopur/Documents/GitHub/enterprise-loan-management-system/src/main/java/com/bank/loanmanagement/domain/model/bian/BIANLoanService.java:652: error: cannot find symbol
          private BerlinGroupAmount paymentAmount;
                  ^
    symbol:   class BerlinGroupAmount
    location: class BIANPaymentScheduleEntry
  /Users/alicopur/Documents/GitHub/enterprise-loan-management-system/src/main/java/com/bank/loanmanagement/domain/model/bian/BIANLoanService.java:653: error: cannot find symbol
          private BerlinGroupAmount principalAmount;
                  ^
    symbol:   class BerlinGroupAmount
    location: class BIANPaymentScheduleEntry
  /Users/alicopur/Documents/GitHub/enterprise-loan-management-system/src/main/java/com/bank/loanmanagement/domain/model/bian/BIANLoanService.java:654: error: cannot find symbol
          private BerlinGroupAmount interestAmount;
                  ^
    symbol:   class BerlinGroupAmount
    location: class BIANPaymentScheduleEntry
  /Users/alicopur/Documents/GitHub/enterprise-loan-management-system/src/main/java/com/bank/loanmanagement/domain/model/bian/BIANLoanService.java:655: error: cannot find symbol
          private BerlinGroupAmount feeAmount;
                  ^
    symbol:   class BerlinGroupAmount
    location: class BIANPaymentScheduleEntry
  /Users/alicopur/Documents/GitHub/enterprise-loan-management-system/src/main/java/com/bank/loanmanagement/domain/model/bian/BIANLoanService.java:334: error: cannot find symbol
          private BIANDisbursementInstructions disbursementInstructions;
                  ^
    symbol:   class BIANDisbursementInstructions
    location: class BIANLoanFulfillment
  /Users/alicopur/Documents/GitHub/enterprise-loan-management-system/src/main/java/com/bank/loanmanagement/domain/model/bian/BIANLoanService.java:337: error: cannot find symbol
          private BIANFundingArrangement fundingArrangement;
                  ^
    symbol:   class BIANFundingArrangement
    location: class BIANLoanFulfillment
  /Users/alicopur/Documents/GitHub/enterprise-loan-management-system/src/main/java/com/bank/loanmanagement/domain/model/bian/BIANLoanService.java:340: error: cannot find symbol
          private List<BIANDisbursementRecord> disbursementRecord;
                       ^
    symbol:   class BIANDisbursementRecord
    location: class BIANLoanFulfillment
  /Users/alicopur/Documents/GitHub/enterprise-loan-management-system/src/main/java/com/bank/loanmanagement/domain/model/bian/BIANLoanService.java:307: error: cannot find symbol
          private BIANApplicantDetails applicantDetails;
                  ^
    symbol:   class BIANApplicantDetails
    location: class BIANLoanOrigination
  /Users/alicopur/Documents/GitHub/enterprise-loan-management-system/src/main/java/com/bank/loanmanagement/domain/model/bian/BIANLoanService.java:310: error: cannot find symbol
          private BIANUnderwritingAssessment underwritingAssessment;
                  ^
    symbol:   class BIANUnderwritingAssessment
    location: class BIANLoanOrigination
  /Users/alicopur/Documents/GitHub/enterprise-loan-management-system/src/main/java/com/bank/loanmanagement/domain/model/bian/BIANLoanService.java:313: error: cannot find symbol
          private BIANCreditDecision creditDecision;
                  ^
    symbol:   class BIANCreditDecision
    location: class BIANLoanOrigination
  /Users/alicopur/Documents/GitHub/enterprise-loan-management-system/src/main/java/com/bank/loanmanagement/domain/model/bian/BIANLoanService.java:316: error: cannot find symbol
          private List<BIANDocumentationRequirement> documentationRequirements;
                       ^
    symbol:   class BIANDocumentationRequirement
    location: class BIANLoanOrigination
  /Users/alicopur/Documents/GitHub/enterprise-loan-management-system/src/main/java/com/bank/loanmanagement/domain/model/bian/BIANLoanService.java:319: error: cannot find symbol
          private List<BIANApprovalCondition> approvalConditions;
                       ^
    symbol:   class BIANApprovalCondition
    location: class BIANLoanOrigination
  /Users/alicopur/Documents/GitHub/enterprise-loan-management-system/src/main/java/com/bank/loanmanagement/domain/model/bian/BIANLoanService.java:111: error: cannot find symbol
          private BerlinGroupAmount loanAmount;
                  ^
    symbol:   class BerlinGroupAmount
    location: class BIANLoanAgreement
  /Users/alicopur/Documents/GitHub/enterprise-loan-management-system/src/main/java/com/bank/loanmanagement/domain/model/bian/BIANLoanService.java:123: error: cannot find symbol
          private List<BIANCollateralAllocation> collateralAllocation;
                       ^
    symbol:   class BIANCollateralAllocation
    location: class BIANLoanAgreement
  /Users/alicopur/Documents/GitHub/enterprise-loan-management-system/src/main/java/com/bank/loanmanagement/domain/model/bian/BIANLoanService.java:243: error: cannot find symbol
          private BerlinGroupAmount paymentAmount;
                  ^
    symbol:   class BerlinGroupAmount
    location: class BIANLoanTerms
  /Users/alicopur/Documents/GitHub/enterprise-loan-management-system/src/main/java/com/bank/loanmanagement/domain/model/bian/BIANLoanService.java:246: error: cannot find symbol
          private List<BIANPaymentHoliday> paymentHolidays;
                       ^
    symbol:   class BIANPaymentHoliday
    location: class BIANLoanTerms
  /Users/alicopur/Documents/GitHub/enterprise-loan-management-system/src/main/java/com/bank/loanmanagement/domain/model/bian/BIANLoanService.java:249: error: cannot find symbol
          private BIANPrepaymentTerms prepaymentTerms;
                  ^
    symbol:   class BIANPrepaymentTerms
    location: class BIANLoanTerms
  /Users/alicopur/Documents/GitHub/enterprise-loan-management-system/src/main/java/com/bank/loanmanagement/domain/model/bian/BIANLoanService.java:252: error: cannot find symbol
          private BIANDefaultProvisions defaultProvisions;
                  ^
    symbol:   class BIANDefaultProvisions
    location: class BIANLoanTerms
  /Users/alicopur/Documents/GitHub/enterprise-loan-management-system/src/main/java/com/banking/loan/application/ports/in/LoanApplicationUseCase.java:16: error: cannot find symbol
      LoanApplicationResult submitLoanApplication(SubmitLoanApplicationCommand command);
                                                  ^
    symbol:   class SubmitLoanApplicationCommand
    location: interface LoanApplicationUseCase
  /Users/alicopur/Documents/GitHub/enterprise-loan-management-system/src/main/java/com/banking/loan/application/ports/in/LoanApplicationUseCase.java:16: error: cannot find symbol
      LoanApplicationResult submitLoanApplication(SubmitLoanApplicationCommand command);
      ^
    symbol:   class LoanApplicationResult
    location: interface LoanApplicationUseCase
  /Users/alicopur/Documents/GitHub/enterprise-loan-management-system/src/main/java/com/banking/loan/application/ports/in/LoanApplicationUseCase.java:21: error: cannot find symbol
      LoanApprovalResult approveLoan(ApproveLoanCommand command);
                                     ^
    symbol:   class ApproveLoanCommand
    location: interface LoanApplicationUseCase
  /Users/alicopur/Documents/GitHub/enterprise-loan-management-system/src/main/java/com/banking/loan/application/ports/in/LoanApplicationUseCase.java:21: error: cannot find symbol
      LoanApprovalResult approveLoan(ApproveLoanCommand command);
      ^
    symbol:   class LoanApprovalResult
    location: interface LoanApplicationUseCase
  /Users/alicopur/Documents/GitHub/enterprise-loan-management-system/src/main/java/com/banking/loan/application/ports/in/LoanApplicationUseCase.java:26: error: cannot find symbol
      LoanRejectionResult rejectLoan(RejectLoanCommand command);
                                     ^
    symbol:   class RejectLoanCommand
    location: interface LoanApplicationUseCase
  /Users/alicopur/Documents/GitHub/enterprise-loan-management-system/src/main/java/com/banking/loan/application/ports/in/LoanApplicationUseCase.java:26: error: cannot find symbol
      LoanRejectionResult rejectLoan(RejectLoanCommand command);
      ^
    symbol:   class LoanRejectionResult
    location: interface LoanApplicationUseCase
  /Users/alicopur/Documents/GitHub/enterprise-loan-management-system/src/main/java/com/banking/loan/application/ports/in/LoanApplicationUseCase.java:31: error: cannot find symbol
      LoanDetails getLoanDetails(GetLoanDetailsQuery query);
                                 ^
    symbol:   class GetLoanDetailsQuery
    location: interface LoanApplicationUseCase
  /Users/alicopur/Documents/GitHub/enterprise-loan-management-system/src/main/java/com/banking/loan/application/ports/in/LoanApplicationUseCase.java:31: error: cannot find symbol
      LoanDetails getLoanDetails(GetLoanDetailsQuery query);
      ^
    symbol:   class LoanDetails
    location: interface LoanApplicationUseCase
  /Users/alicopur/Documents/GitHub/enterprise-loan-management-system/src/main/java/com/banking/loan/application/ports/in/LoanApplicationUseCase.java:36: error: cannot find symbol
      List<LoanSummary> getCustomerLoans(GetCustomerLoansQuery query);
                                         ^
    symbol:   class GetCustomerLoansQuery
    location: interface LoanApplicationUseCase
  /Users/alicopur/Documents/GitHub/enterprise-loan-management-system/src/main/java/com/banking/loan/application/ports/in/LoanApplicationUseCase.java:36: error: cannot find symbol
      List<LoanSummary> getCustomerLoans(GetCustomerLoansQuery query);
           ^
    symbol:   class LoanSummary
    location: interface LoanApplicationUseCase
  Note: Some messages have been simplified; recompile with -Xdiags:verbose to get full output
  100 errors

* Try:
> Check your code and dependencies to fix the compilation error(s)
> Run with --scan to get full insights.

BUILD FAILED in 1s
2 actionable tasks: 1 executed, 1 up-to-date
Configuration cache entry reused.
